<?xml version="1.0" encoding="UTF-8"?>
<!-- Generated by org.testng.reporters.JUnitXMLReporter -->
<testsuite ignored="0" hostname="DESKTOP-MO9AQRS" failures="0" tests="4" name="Surefire test" time="7.504" errors="0" timestamp="2025-02-18T22:59:27 IST">
  <testcase classname="com.restassured.CountryTranslationTest" name="testCountryTranslation" time="4.083"/>
  <testcase classname="com.restassured.CountryTranslationTest" name="testCountryTranslation" time="0.775"/>
  <testcase classname="com.restassured.CountryTranslationTest" name="testCountryTranslation" time="0.715"/>
  <testcase classname="com.restassured.CountryTranslationTest" name="testCountryTranslation" time="0.79"/>
</testsuite> <!-- Surefire test -->
