<?xml version="1.0" encoding="UTF-8"?>
<testng-results ignored="0" total="4" passed="4" failed="0" skipped="0">
  <reporter-output>
  </reporter-output>
  <suite started-at="2025-02-18T22:59:19 IST" name="Surefire suite" finished-at="2025-02-18T22:59:26 IST" duration-ms="7504">
    <groups>
    </groups>
    <test started-at="2025-02-18T22:59:19 IST" name="Surefire test" finished-at="2025-02-18T22:59:26 IST" duration-ms="7504">
      <class name="com.restassured.CountryTranslationTest">
        <test-method signature="testCountryTranslation(java.lang.String)[pri:0, instance:com.restassured.CountryTranslationTest@7c9d8e2]" started-at="2025-02-18T22:59:20 IST" name="testCountryTranslation" data-provider="translations" finished-at="2025-02-18T22:59:24 IST" duration-ms="4083" status="PASS">
          <params>
            <param index="0">
              <value>
                <![CDATA[Translation]]>
              </value>
            </param>
          </params>
          <reporter-output>
          </reporter-output>
        </test-method> <!-- testCountryTranslation -->
        <test-method signature="testCountryTranslation(java.lang.String)[pri:0, instance:com.restassured.CountryTranslationTest@7c9d8e2]" started-at="2025-02-18T22:59:24 IST" name="testCountryTranslation" data-provider="translations" finished-at="2025-02-18T22:59:25 IST" duration-ms="775" status="PASS">
          <params>
            <param index="0">
              <value>
                <![CDATA[germany]]>
              </value>
            </param>
          </params>
          <reporter-output>
          </reporter-output>
        </test-method> <!-- testCountryTranslation -->
        <test-method signature="testCountryTranslation(java.lang.String)[pri:0, instance:com.restassured.CountryTranslationTest@7c9d8e2]" started-at="2025-02-18T22:59:25 IST" name="testCountryTranslation" data-provider="translations" finished-at="2025-02-18T22:59:26 IST" duration-ms="715" status="PASS">
          <params>
            <param index="0">
              <value>
                <![CDATA[alemania]]>
              </value>
            </param>
          </params>
          <reporter-output>
          </reporter-output>
        </test-method> <!-- testCountryTranslation -->
        <test-method signature="testCountryTranslation(java.lang.String)[pri:0, instance:com.restassured.CountryTranslationTest@7c9d8e2]" started-at="2025-02-18T22:59:26 IST" name="testCountryTranslation" data-provider="translations" finished-at="2025-02-18T22:59:26 IST" duration-ms="790" status="PASS">
          <params>
            <param index="0">
              <value>
                <![CDATA[Saksamaa]]>
              </value>
            </param>
          </params>
          <reporter-output>
          </reporter-output>
        </test-method> <!-- testCountryTranslation -->
      </class> <!-- com.restassured.CountryTranslationTest -->
    </test> <!-- Surefire test -->
  </suite> <!-- Surefire suite -->
</testng-results>
